<?xml version="1.0" encoding="UTF-8"?>
<!-- Generated by org.testng.reporters.JUnitReportReporter -->
<testsuite hostname="Zemlyanskyi" name="com.example.tests.GroupCreationTests" tests="5" failures="0" timestamp="5 Oct 2015 13:53:05 GMT" time="4.589" errors="0">
  <testcase name="testGroupCreationWithValidDate" time="0.706" classname="com.example.tests.GroupCreationTests"/>
  <testcase name="testGroupCreationWithValidDate" time="0.768" classname="com.example.tests.GroupCreationTests"/>
  <testcase name="testGroupCreationWithValidDate" time="0.785" classname="com.example.tests.GroupCreationTests"/>
  <testcase name="testGroupCreationWithValidDate" time="0.859" classname="com.example.tests.GroupCreationTests"/>
  <testcase name="testGroupCreationWithValidDate" time="1.471" classname="com.example.tests.GroupCreationTests"/>
</testsuite> <!-- com.example.tests.GroupCreationTests -->
