<?xml version="1.0" encoding="UTF-8"?>
<!-- Generated by org.testng.reporters.JUnitReportReporter -->
<testsuite hostname="ZakuRo-ПК" name="com.example.tests.GroupRemovalTests" tests="1" failures="0" timestamp="23 Sep 2015 16:18:35 GMT" time="1.875" errors="0">
  <testcase name="deleteSomeGroup" time="1.875" classname="com.example.tests.GroupRemovalTests"/>
</testsuite> <!-- com.example.tests.GroupRemovalTests -->
