<?xml version="1.0" encoding="UTF-8"?>
<!-- Generated by org.testng.reporters.JUnitReportReporter -->
<testsuite hostname="ZakuRo-ПК" name="com.example.tests.ContactCreationTests" tests="2" failures="0" timestamp="22 Sep 2015 06:54:30 GMT" time="5.390" errors="0">
  <testcase name="testNonEmptyContactCreation" time="1.717" classname="com.example.tests.ContactCreationTests"/>
  <testcase name="testEmptyContactCreation" time="3.673" classname="com.example.tests.ContactCreationTests"/>
</testsuite> <!-- com.example.tests.ContactCreationTests -->
