<?xml version="1.0" encoding="UTF-8"?>
<!-- Generated by org.testng.reporters.JUnitReportReporter -->
<testsuite hostname="ZakuRo-ПК" name="com.example.tests.ContactCreationTests" tests="3" failures="0" timestamp="27 Sep 2015 20:58:24 GMT" time="6.984" errors="0">
  <testcase name="testNonEmptyContactCreation" time="3.092" classname="com.example.tests.ContactCreationTests"/>
  <testcase name="testNonEmptyContactCreation" time="2.690" classname="com.example.tests.ContactCreationTests"/>
  <testcase name="compareSumCountContacts" time="1.202" classname="com.example.tests.ContactCreationTests"/>
</testsuite> <!-- com.example.tests.ContactCreationTests -->
