<?xml version="1.0" encoding="UTF-8"?>
<!-- Generated by org.testng.reporters.JUnitReportReporter -->
<testsuite hostname="ZakuRo-ПК" name="com.example.tests.ContactCreationTests" tests="2" failures="0" timestamp="21 Sep 2015 21:00:46 GMT" time="5.267" errors="0">
  <testcase name="testEmptyContactCreation" time="3.502" classname="com.example.tests.ContactCreationTests"/>
  <testcase name="testNonEmptyContactCreation" time="1.765" classname="com.example.tests.ContactCreationTests"/>
</testsuite> <!-- com.example.tests.ContactCreationTests -->
