<?xml version="1.0" encoding="UTF-8"?>
<!-- Generated by org.testng.reporters.JUnitReportReporter -->
<testsuite hostname="Zemlyanskyi" name="com.example.tests.ContactRemovalTests" tests="1" failures="0" timestamp="8 Oct 2015 13:54:35 GMT" time="4.676" errors="0">
  <testcase name="removeSomeContacts" time="4.676" classname="com.example.tests.ContactRemovalTests"/>
</testsuite> <!-- com.example.tests.ContactRemovalTests -->
