<?xml version="1.0" encoding="UTF-8"?>
<!-- Generated by org.testng.reporters.JUnitReportReporter -->
<testsuite hostname="ZakuRo-ПК" name="com.example.tests.GroupModificationTests" tests="1" failures="0" timestamp="21 Sep 2015 22:14:10 GMT" time="3.126" errors="0">
  <testcase name="modifySomeGroup" time="3.126" classname="com.example.tests.GroupModificationTests"/>
</testsuite> <!-- com.example.tests.GroupModificationTests -->
