<?xml version="1.0" encoding="UTF-8"?>
<!-- Generated by org.testng.reporters.JUnitReportReporter -->
<testsuite hostname="ZakuRo-ПК" name="com.example.tests.GroupModificationTests" tests="5" failures="0" timestamp="23 Sep 2015 22:56:06 GMT" time="7.482" errors="0">
  <testcase name="modifySomeGroup" time="1.078" classname="com.example.tests.GroupModificationTests"/>
  <testcase name="modifySomeGroup" time="2.099" classname="com.example.tests.GroupModificationTests"/>
  <testcase name="modifySomeGroup" time="1.337" classname="com.example.tests.GroupModificationTests"/>
  <testcase name="modifySomeGroup" time="1.861" classname="com.example.tests.GroupModificationTests"/>
  <testcase name="modifySomeGroup" time="1.107" classname="com.example.tests.GroupModificationTests"/>
</testsuite> <!-- com.example.tests.GroupModificationTests -->
