<?xml version="1.0" encoding="UTF-8"?>
<!-- Generated by org.testng.reporters.JUnitReportReporter -->
<testsuite hostname="ZakuRo-ПК" name="com.example.tests.GroupCreationTests" tests="5" failures="0" timestamp="23 Sep 2015 16:06:55 GMT" time="9.815" errors="0">
  <testcase name="testGroupCreationWithValidDate" time="1.483" classname="com.example.tests.GroupCreationTests"/>
  <testcase name="testGroupCreationWithValidDate" time="1.185" classname="com.example.tests.GroupCreationTests"/>
  <testcase name="testGroupCreationWithValidDate" time="1.375" classname="com.example.tests.GroupCreationTests"/>
  <testcase name="testGroupCreationWithValidDate" time="4.224" classname="com.example.tests.GroupCreationTests"/>
  <testcase name="testGroupCreationWithValidDate" time="1.548" classname="com.example.tests.GroupCreationTests"/>
</testsuite> <!-- com.example.tests.GroupCreationTests -->
