<?xml version="1.0" encoding="UTF-8"?>
<!-- Generated by org.testng.reporters.JUnitReportReporter -->
<testsuite hostname="ZakuRo-ПК" name="com.example.tests.GroupCreationTests" tests="5" failures="0" timestamp="27 Sep 2015 20:47:50 GMT" time="6.716" errors="0">
  <testcase name="testGroupCreationWithValidDate" time="0.907" classname="com.example.tests.GroupCreationTests"/>
  <testcase name="testGroupCreationWithValidDate" time="2.654" classname="com.example.tests.GroupCreationTests"/>
  <testcase name="testGroupCreationWithValidDate" time="0.932" classname="com.example.tests.GroupCreationTests"/>
  <testcase name="testGroupCreationWithValidDate" time="1.040" classname="com.example.tests.GroupCreationTests"/>
  <testcase name="testGroupCreationWithValidDate" time="1.183" classname="com.example.tests.GroupCreationTests"/>
</testsuite> <!-- com.example.tests.GroupCreationTests -->
