<?xml version="1.0" encoding="UTF-8"?>
<!-- Generated by org.testng.reporters.JUnitReportReporter -->
<testsuite hostname="ZakuRo-ПК" name="com.example.tests.ContactRemovalTests" tests="1" failures="0" timestamp="28 Sep 2015 23:20:06 GMT" time="1.159" errors="0">
  <testcase name="removeSomeContacts" time="1.159" classname="com.example.tests.ContactRemovalTests"/>
</testsuite> <!-- com.example.tests.ContactRemovalTests -->
