<?xml version="1.0" encoding="UTF-8"?>
<!-- Generated by org.testng.reporters.JUnitReportReporter -->
<testsuite hostname="ZakuRo-ПК" name="com.example.tests.ContactCreationTests" tests="2" failures="0" timestamp="23 Sep 2015 12:23:52 GMT" time="5.147" errors="0">
  <testcase name="testNonEmptyContactCreation" time="1.602" classname="com.example.tests.ContactCreationTests"/>
  <testcase name="testEmptyContactCreation" time="3.545" classname="com.example.tests.ContactCreationTests"/>
</testsuite> <!-- com.example.tests.ContactCreationTests -->
