<?xml version="1.0" encoding="UTF-8"?>
<!-- Generated by org.testng.reporters.JUnitReportReporter -->
<testsuite hostname="ZakuRo-ПК" name="com.example.tests.ContactCreationTests" tests="3" failures="0" timestamp="28 Sep 2015 23:28:55 GMT" time="4.744" errors="0">
  <testcase name="testNonEmptyContactCreation" time="2.511" classname="com.example.tests.ContactCreationTests"/>
  <testcase name="compareSumCountContacts" time="0.734" classname="com.example.tests.ContactCreationTests"/>
  <testcase name="testNonEmptyContactCreation" time="1.499" classname="com.example.tests.ContactCreationTests"/>
</testsuite> <!-- com.example.tests.ContactCreationTests -->
