<?xml version="1.0" encoding="UTF-8"?>
<!-- Generated by org.testng.reporters.JUnitReportReporter -->
<testsuite hostname="Zemlyanskyi" name="com.example.tests.GroupCreationTests" tests="10" failures="0" timestamp="29 Oct 2015 09:32:26 GMT" time="15.516" errors="0">
  <testcase name="testGroupCreationWithValidDate" time="0.731" classname="com.example.tests.GroupCreationTests"/>
  <testcase name="testGroupCreationWithValidDate" time="0.875" classname="com.example.tests.GroupCreationTests"/>
  <testcase name="testGroupCreationWithValidDate" time="0.939" classname="com.example.tests.GroupCreationTests"/>
  <testcase name="testGroupCreationWithValidDate" time="0.654" classname="com.example.tests.GroupCreationTests"/>
  <testcase name="testGroupCreationWithValidDate" time="0.629" classname="com.example.tests.GroupCreationTests"/>
  <testcase name="testGroupCreationWithValidDate" time="0.699" classname="com.example.tests.GroupCreationTests"/>
  <testcase name="testGroupCreationWithValidDate" time="0.663" classname="com.example.tests.GroupCreationTests"/>
  <testcase name="testGroupCreationWithValidDate" time="0.653" classname="com.example.tests.GroupCreationTests"/>
  <testcase name="testGroupCreationWithValidDate" time="9.008" classname="com.example.tests.GroupCreationTests"/>
  <testcase name="testGroupCreationWithValidDate" time="0.665" classname="com.example.tests.GroupCreationTests"/>
</testsuite> <!-- com.example.tests.GroupCreationTests -->
