<?xml version="1.0" encoding="UTF-8"?>
<!-- Generated by org.testng.reporters.JUnitReportReporter -->
<testsuite hostname="ZakuRo-ПК" name="com.example.tests.ContactRemovalTests" tests="1" failures="0" timestamp="28 Sep 2015 22:41:05 GMT" time="2.386" errors="0">
  <testcase name="removeSomeContacts" time="2.386" classname="com.example.tests.ContactRemovalTests"/>
</testsuite> <!-- com.example.tests.ContactRemovalTests -->
