<?xml version="1.0" encoding="UTF-8"?>
<!-- Generated by org.testng.reporters.JUnitReportReporter -->
<testsuite hostname="ZakuRo-ПК" name="com.example.tests.GroupModificationTests" tests="5" failures="0" timestamp="27 Sep 2015 20:48:47 GMT" time="6.841" errors="0">
  <testcase name="modifySomeGroup" time="1.224" classname="com.example.tests.GroupModificationTests"/>
  <testcase name="modifySomeGroup" time="2.676" classname="com.example.tests.GroupModificationTests"/>
  <testcase name="modifySomeGroup" time="0.889" classname="com.example.tests.GroupModificationTests"/>
  <testcase name="modifySomeGroup" time="0.912" classname="com.example.tests.GroupModificationTests"/>
  <testcase name="modifySomeGroup" time="1.140" classname="com.example.tests.GroupModificationTests"/>
</testsuite> <!-- com.example.tests.GroupModificationTests -->
