<?xml version="1.0" encoding="UTF-8"?>
<!-- Generated by org.testng.reporters.JUnitReportReporter -->
<testsuite hostname="ZakuRo-ПК" name="com.example.tests.ContactModificationTests" tests="1" failures="0" timestamp="22 Sep 2015 06:55:21 GMT" time="1.778" errors="0">
  <testcase name="modifySomeGroup" time="1.778" classname="com.example.tests.ContactModificationTests"/>
</testsuite> <!-- com.example.tests.ContactModificationTests -->
