<?xml version="1.0" encoding="UTF-8"?>
<!-- Generated by org.testng.reporters.JUnitReportReporter -->
<testsuite hostname="Zemlyanskyi" name="com.example.tests.GroupCreationTests" tests="2" failures="0" timestamp="31 Aug 2015 18:25:19 GMT" time="4.642" errors="0">
  <testcase name="testNonEmptyGroupCreation" time="2.182" classname="com.example.tests.GroupCreationTests"/>
  <testcase name="testEmptyGroupCreation" time="2.460" classname="com.example.tests.GroupCreationTests"/>
</testsuite> <!-- com.example.tests.GroupCreationTests -->
