<?xml version="1.0" encoding="UTF-8"?>
<!-- Generated by org.testng.reporters.JUnitReportReporter -->
<testsuite hostname="ZakuRo-ПК" name="com.example.tests.GroupModificationTests" tests="1" failures="0" timestamp="23 Sep 2015 13:16:09 GMT" time="3.448" errors="0">
  <testcase name="modifySomeGroup" time="3.448" classname="com.example.tests.GroupModificationTests"/>
</testsuite> <!-- com.example.tests.GroupModificationTests -->
