<?xml version="1.0" encoding="UTF-8"?>
<!-- Generated by org.testng.reporters.JUnitReportReporter -->
<testsuite hostname="Zemlyanskyi" name="com.example.tests.GroupCreationTests" tests="2" failures="0" timestamp="26 Aug 2015 08:40:39 GMT" time="5.071" errors="0">
  <testcase name="testEmptyGroupCreation" time="2.803" classname="com.example.tests.GroupCreationTests"/>
  <testcase name="testNonEmptyGroupCreation" time="2.268" classname="com.example.tests.GroupCreationTests"/>
</testsuite> <!-- com.example.tests.GroupCreationTests -->
