<?xml version="1.0" encoding="UTF-8"?>
<!-- Generated by org.testng.reporters.JUnitReportReporter -->
<testsuite hostname="ZakuRo-ПК" name="com.example.tests.ContactModificationTests" tests="2" failures="0" timestamp="28 Sep 2015 22:41:32 GMT" time="6.885" errors="0">
  <testcase name="modifySomeContact" time="4.742" classname="com.example.tests.ContactModificationTests"/>
  <testcase name="modifySomeContact" time="2.143" classname="com.example.tests.ContactModificationTests"/>
</testsuite> <!-- com.example.tests.ContactModificationTests -->
