<?xml version="1.0" encoding="UTF-8"?>
<!-- Generated by org.testng.reporters.JUnitReportReporter -->
<testsuite hostname="ZakuRo-ПК" name="com.example.tests.ContactRemovalTests" tests="1" failures="0" timestamp="23 Sep 2015 22:45:46 GMT" time="2.766" errors="0">
  <testcase name="modifySomeGroup" time="2.766" classname="com.example.tests.ContactRemovalTests"/>
</testsuite> <!-- com.example.tests.ContactRemovalTests -->
