<?xml version="1.0" encoding="UTF-8"?>
<!-- Generated by org.testng.reporters.JUnitReportReporter -->
<testsuite hostname="ZakuRo-ПК" name="com.example.tests.GroupCreationTests" tests="2" failures="0" timestamp="23 Sep 2015 13:06:44 GMT" time="3.866" errors="0">
  <testcase name="testNonEmptyGroupCreation" time="2.047" classname="com.example.tests.GroupCreationTests"/>
  <testcase name="testEmptyGroupCreation" time="1.819" classname="com.example.tests.GroupCreationTests"/>
</testsuite> <!-- com.example.tests.GroupCreationTests -->
