<?xml version="1.0" encoding="UTF-8"?>
<!-- Generated by org.testng.reporters.JUnitReportReporter -->
<testsuite hostname="Zemlyanskyi" name="com.example.tests.ContactCreationTests" tests="2" failures="0" timestamp="31 Aug 2015 18:25:19 GMT" time="10.444" errors="0">
  <testcase name="testEmptyContactCreation" time="5.254" classname="com.example.tests.ContactCreationTests"/>
  <testcase name="testNonEmptyContactCreation" time="5.190" classname="com.example.tests.ContactCreationTests"/>
</testsuite> <!-- com.example.tests.ContactCreationTests -->
