<?xml version="1.0" encoding="UTF-8"?>
<!-- Generated by org.testng.reporters.JUnitReportReporter -->
<testsuite hostname="ZakuRo-ПК" name="com.example.tests.GroupModificationTests" tests="5" failures="0" timestamp="23 Sep 2015 16:30:36 GMT" time="9.322" errors="0">
  <testcase name="modifySomeGroup" time="1.388" classname="com.example.tests.GroupModificationTests"/>
  <testcase name="modifySomeGroup" time="3.918" classname="com.example.tests.GroupModificationTests"/>
  <testcase name="modifySomeGroup" time="1.174" classname="com.example.tests.GroupModificationTests"/>
  <testcase name="modifySomeGroup" time="1.610" classname="com.example.tests.GroupModificationTests"/>
  <testcase name="modifySomeGroup" time="1.232" classname="com.example.tests.GroupModificationTests"/>
</testsuite> <!-- com.example.tests.GroupModificationTests -->
