<?xml version="1.0" encoding="UTF-8"?>
<!-- Generated by org.testng.reporters.JUnitReportReporter -->
<testsuite hostname="ZakuRo-ПК" name="com.example.tests.GroupRemovalTests" tests="1" failures="0" timestamp="27 Sep 2015 20:49:09 GMT" time="1.607" errors="0">
  <testcase name="deleteSomeGroup" time="1.607" classname="com.example.tests.GroupRemovalTests"/>
</testsuite> <!-- com.example.tests.GroupRemovalTests -->
