<?xml version="1.0" encoding="UTF-8"?>
<!-- Generated by org.testng.reporters.JUnitReportReporter -->
<testsuite hostname="ZakuRo-ПК" name="com.example.tests.ContactRemovalTests" tests="1" failures="0" timestamp="22 Sep 2015 06:44:59 GMT" time="1.253" errors="0">
  <testcase name="modifySomeGroup" time="1.253" classname="com.example.tests.ContactRemovalTests"/>
</testsuite> <!-- com.example.tests.ContactRemovalTests -->
